{
  "stats": {
    "suites": 1,
    "tests": 3,
    "passes": 3,
    "pending": 0,
    "failures": 0,
    "start": "2025-10-19T21:27:21.964Z",
    "end": "2025-10-19T21:27:29.069Z",
    "duration": 7105,
    "testsRegistered": 3,
    "passPercent": 100,
    "pendingPercent": 0,
    "other": 0,
    "hasOther": false,
    "skipped": 0,
    "hasSkipped": false
  },
  "results": [
    {
      "uuid": "fa63b257-5c15-4f64-a47d-ec33e676da65",
      "title": "",
      "fullFile": "cypress\\e2e\\LoginFlowDemo.cy.js",
      "file": "cypress\\e2e\\LoginFlowDemo.cy.js",
      "beforeHooks": [],
      "afterHooks": [],
      "tests": [],
      "suites": [
        {
          "uuid": "3cf42508-e01a-4825-bd51-a4d1e670f078",
          "title": "Login and Reset Password flow",
          "fullFile": "",
          "file": "",
          "beforeHooks": [],
          "afterHooks": [],
          "tests": [
            {
              "title": "Login with invalid credentials",
              "fullTitle": "Login and Reset Password flow Login with invalid credentials",
              "timedOut": null,
              "duration": 4229,
              "state": "passed",
              "speed": "fast",
              "pass": true,
              "fail": false,
              "pending": false,
              "context": null,
              "code": "loginPage.login('sushil', 'wrongpass');\nloginPage.getErrorMessage().should('be.visible').invoke('text').then(text => {\n  cy.log('Wrong Password message: ' + text);\n});",
              "err": {},
              "uuid": "e3905751-b3b8-47c0-bb01-af4dd1a29000",
              "parentUUID": "3cf42508-e01a-4825-bd51-a4d1e670f078",
              "isHook": false,
              "skipped": false
            },
            {
              "title": "Forget Password flow",
              "fullTitle": "Login and Reset Password flow Forget Password flow",
              "timedOut": null,
              "duration": 1802,
              "state": "passed",
              "speed": "fast",
              "pass": true,
              "fail": false,
              "pending": false,
              "context": null,
              "code": "cy.contains('a', 'Forgot your password?').click();\nforgetPage.resetPassword('sushil', 'sunny5988@gmail.com', '7878');\nforgetPage.getResetPasswordMessage().should('be.visible').invoke('text').then(text => {\n  cy.log('Reset Password message: ' + text);\n});\nforgetPage.getGoToLoginBtn().click();",
              "err": {},
              "uuid": "12b5574f-7a6a-47a0-92ba-3b21ad8bf89d",
              "parentUUID": "3cf42508-e01a-4825-bd51-a4d1e670f078",
              "isHook": false,
              "skipped": false
            },
            {
              "title": "Login with fixture data",
              "fullTitle": "Login and Reset Password flow Login with fixture data",
              "timedOut": null,
              "duration": 945,
              "state": "passed",
              "speed": "fast",
              "pass": true,
              "fail": false,
              "pending": false,
              "context": null,
              "code": "cy.fixture('user').then(users => {\n  cy.login(users.demologin.username, users.demologin.password);\n});",
              "err": {},
              "uuid": "bdb3507b-a9f3-4e5b-8a76-57095a0069d8",
              "parentUUID": "3cf42508-e01a-4825-bd51-a4d1e670f078",
              "isHook": false,
              "skipped": false
            }
          ],
          "suites": [],
          "passes": [
            "e3905751-b3b8-47c0-bb01-af4dd1a29000",
            "12b5574f-7a6a-47a0-92ba-3b21ad8bf89d",
            "bdb3507b-a9f3-4e5b-8a76-57095a0069d8"
          ],
          "failures": [],
          "pending": [],
          "skipped": [],
          "duration": 6976,
          "root": false,
          "rootEmpty": false,
          "_timeout": 2000
        }
      ],
      "passes": [],
      "failures": [],
      "pending": [],
      "skipped": [],
      "duration": 0,
      "root": true,
      "rootEmpty": true,
      "_timeout": 2000
    }
  ],
  "meta": {
    "mocha": {
      "version": "7.2.0"
    },
    "mochawesome": {
      "options": {
        "quiet": false,
        "reportFilename": "mochawesome",
        "saveHtml": true,
        "saveJson": true,
        "consoleReporter": "spec",
        "useInlineDiffs": false,
        "code": true
      },
      "version": "7.1.4"
    },
    "marge": {
      "options": {
        "reportDir": "cypress/reports",
        "reportFilename": "mochawesome",
        "overwrite": false,
        "html": true,
        "json": true
      },
      "version": "6.3.0"
    }
  }
}