{
  "stats": {
    "suites": 1,
    "tests": 3,
    "passes": 3,
    "pending": 0,
    "failures": 0,
    "start": "2025-10-19T21:21:55.275Z",
    "end": "2025-10-19T21:22:02.475Z",
    "duration": 7200,
    "testsRegistered": 3,
    "passPercent": 100,
    "pendingPercent": 0,
    "other": 0,
    "hasOther": false,
    "skipped": 0,
    "hasSkipped": false
  },
  "results": [
    {
      "uuid": "72972aa9-b4db-4db8-8202-3b0b1b34ee53",
      "title": "",
      "fullFile": "cypress\\e2e\\LoginFlowDemo.cy.js",
      "file": "cypress\\e2e\\LoginFlowDemo.cy.js",
      "beforeHooks": [],
      "afterHooks": [],
      "tests": [],
      "suites": [
        {
          "uuid": "9418cbe9-64a7-4788-ab9c-aaaa40c2dac6",
          "title": "Login and Reset Password flow",
          "fullFile": "",
          "file": "",
          "beforeHooks": [],
          "afterHooks": [],
          "tests": [
            {
              "title": "Login with invalid credentials",
              "fullTitle": "Login and Reset Password flow Login with invalid credentials",
              "timedOut": null,
              "duration": 4280,
              "state": "passed",
              "speed": "fast",
              "pass": true,
              "fail": false,
              "pending": false,
              "context": null,
              "code": "loginPage.login('sushil', 'wrongpass');\nloginPage.getErrorMessage().should('be.visible').invoke('text').then(text => {\n  cy.log('Wrong Password message: ' + text);\n});",
              "err": {},
              "uuid": "0d1643ad-8d2f-4383-aea0-a5c54e069df1",
              "parentUUID": "9418cbe9-64a7-4788-ab9c-aaaa40c2dac6",
              "isHook": false,
              "skipped": false
            },
            {
              "title": "Forget Password flow",
              "fullTitle": "Login and Reset Password flow Forget Password flow",
              "timedOut": null,
              "duration": 1855,
              "state": "passed",
              "speed": "fast",
              "pass": true,
              "fail": false,
              "pending": false,
              "context": null,
              "code": "cy.contains('a', 'Forgot your password?').click();\nforgetPage.resetPassword('sushil', 'sunny5988@gmail.com', '7878');\nforgetPage.getResetPasswordMessage().should('be.visible').invoke('text').then(text => {\n  cy.log('Reset Password message: ' + text);\n});\nforgetPage.getGoToLoginBtn().click();",
              "err": {},
              "uuid": "b2e8ee35-6e17-4a20-a92d-da3b1900eaed",
              "parentUUID": "9418cbe9-64a7-4788-ab9c-aaaa40c2dac6",
              "isHook": false,
              "skipped": false
            },
            {
              "title": "Login with fixture data",
              "fullTitle": "Login and Reset Password flow Login with fixture data",
              "timedOut": null,
              "duration": 944,
              "state": "passed",
              "speed": "fast",
              "pass": true,
              "fail": false,
              "pending": false,
              "context": null,
              "code": "cy.fixture('user').then(users => {\n  cy.login(users.demologin.username, users.demologin.password);\n});",
              "err": {},
              "uuid": "4be3e691-cb23-488d-b0db-06c9cac01753",
              "parentUUID": "9418cbe9-64a7-4788-ab9c-aaaa40c2dac6",
              "isHook": false,
              "skipped": false
            }
          ],
          "suites": [],
          "passes": [
            "0d1643ad-8d2f-4383-aea0-a5c54e069df1",
            "b2e8ee35-6e17-4a20-a92d-da3b1900eaed",
            "4be3e691-cb23-488d-b0db-06c9cac01753"
          ],
          "failures": [],
          "pending": [],
          "skipped": [],
          "duration": 7079,
          "root": false,
          "rootEmpty": false,
          "_timeout": 2000
        }
      ],
      "passes": [],
      "failures": [],
      "pending": [],
      "skipped": [],
      "duration": 0,
      "root": true,
      "rootEmpty": true,
      "_timeout": 2000
    }
  ],
  "meta": {
    "mocha": {
      "version": "7.2.0"
    },
    "mochawesome": {
      "options": {
        "quiet": false,
        "reportFilename": "mochawesome",
        "saveHtml": true,
        "saveJson": true,
        "consoleReporter": "spec",
        "useInlineDiffs": false,
        "code": true
      },
      "version": "7.1.4"
    },
    "marge": {
      "options": null,
      "version": "6.3.0"
    }
  }
}